[debug] [2021-10-24T11:27:18.897Z] ----------------------------------------------------------------------
[debug] [2021-10-24T11:27:18.898Z] Command:       C:\Program Files\nodejs\node.exe C:\Program Files\nodejs\node_modules\firebase-tools\lib\bin\firebase.js init hosting:github
[debug] [2021-10-24T11:27:18.898Z] CLI Version:   9.21.0
[debug] [2021-10-24T11:27:18.899Z] Platform:      win32
[debug] [2021-10-24T11:27:18.899Z] Node Version:  v14.18.1
[debug] [2021-10-24T11:27:18.899Z] Time:          Sun Oct 24 2021 13:27:18 GMT+0200 (Central European Summer Time)
[debug] [2021-10-24T11:27:18.899Z] ----------------------------------------------------------------------
[debug] 
[debug] [2021-10-24T11:27:18.942Z] > command requires scopes: ["email","openid","https://www.googleapis.com/auth/cloudplatformprojects.readonly","https://www.googleapis.com/auth/firebase","https://www.googleapis.com/auth/cloud-platform"]
[debug] [2021-10-24T11:27:18.942Z] > authorizing via signed-in user (alisonvandromme.pro@gmail.com)
[info] 
     ######## #### ########  ######## ########     ###     ######  ########
     ##        ##  ##     ## ##       ##     ##  ##   ##  ##       ##
     ######    ##  ########  ######   ########  #########  ######  ######
     ##        ##  ##    ##  ##       ##     ## ##     ##       ## ##
     ##       #### ##     ## ######## ########  ##     ##  ######  ########

You're about to initialize a Firebase project in this directory:

  C:\xampp\htdocs\Ynov\av2-linked-up

Before we get started, keep in mind:

  * You are currently outside your home directory
  * You are initializing within an existing Firebase project directory

[info] 
=== Project Setup
[info] 
[info] First, let's associate this project directory with a Firebase project.
[info] You can create multiple project aliases by running firebase use --add, 
[info] but for now we'll just set up a default project.
[info] 
[info] i  .firebaserc already has a default project, using av2-linked-up. 
[debug] [2021-10-24T11:27:20.854Z] > refreshing access token with scopes: []
[debug] [2021-10-24T11:27:20.854Z] >>> HTTP REQUEST POST https://www.googleapis.com/oauth2/v3/token  
 <request body omitted>
[debug] [2021-10-24T11:27:20.957Z] <<< HTTP RESPONSE 200 {"cache-control":"no-cache, no-store, max-age=0, must-revalidate","date":"Sun, 24 Oct 2021 11:27:21 GMT","expires":"Mon, 01 Jan 1990 00:00:00 GMT","pragma":"no-cache","content-type":"application/json; charset=utf-8","vary":"X-Origin, Referer, Origin,Accept-Encoding","server":"scaffolding on HTTPServer2","x-xss-protection":"0","x-frame-options":"SAMEORIGIN","x-content-type-options":"nosniff","alt-svc":"h3=\":443\"; ma=2592000,h3-29=\":443\"; ma=2592000,h3-Q050=\":443\"; ma=2592000,h3-Q046=\":443\"; ma=2592000,h3-Q043=\":443\"; ma=2592000","accept-ranges":"none","transfer-encoding":"chunked"}
[debug] [2021-10-24T11:27:20.971Z] >>> [apiv2][query] GET https://firebase.googleapis.com/v1beta1/projects/av2-linked-up [none]
[debug] [2021-10-24T11:27:21.212Z] <<< [apiv2][status] GET https://firebase.googleapis.com/v1beta1/projects/av2-linked-up 200
[debug] [2021-10-24T11:27:21.212Z] <<< [apiv2][body] GET https://firebase.googleapis.com/v1beta1/projects/av2-linked-up {"projectId":"av2-linked-up","projectNumber":"468836774626","displayName":"Linked Up","name":"projects/av2-linked-up","resources":{"hostingSite":"av2-linked-up","storageBucket":"av2-linked-up.appspot.com","locationId":"europe-west"},"state":"ACTIVE"}
[info] 
=== Hosting:github Setup
[info] 
[info] i  Detected a .git folder at C:\xampp\htdocs\Ynov\av2-linked-up 
[info] i  Authorizing with GitHub to upload your service account to a GitHub repository's secrets store. 
[info] 
[info] Visit this URL on this device to log in:
[info] https://github.com/login/oauth/authorize?client_id=89cf50f02ac6aaed3484&state=293242813&redirect_uri=http%3A%2F%2Flocalhost%3A9005&scope=read%3Auser%20repo%20public_repo
[info] 
[info] Waiting for authentication...
[debug] [2021-10-24T11:27:21.737Z] >>> HTTP REQUEST POST https://github.com/login/oauth/access_token  
 {"client_id":"89cf50f02ac6aaed3484","client_secret":"3330d14abc895d9a74d5f17cd7a00711fa2c5bf0","code":"e18bf32a3bb3a579427b","redirect_uri":"http://localhost:9005","state":"293242813"}
[debug] [2021-10-24T11:27:21.962Z] <<< HTTP RESPONSE 200 {"server":"GitHub.com","date":"Sun, 24 Oct 2021 11:27:22 GMT","content-type":"application/json; charset=utf-8","transfer-encoding":"chunked","vary":"X-PJAX, X-PJAX-Container, Accept-Encoding, Accept, X-Requested-With","permissions-policy":"interest-cohort=()","etag":"W/\"a89b0cc48eedbf14593992b9292e9684\"","cache-control":"max-age=0, private, must-revalidate","strict-transport-security":"max-age=31536000; includeSubdomains; preload","x-frame-options":"deny","x-content-type-options":"nosniff","x-xss-protection":"0","referrer-policy":"origin-when-cross-origin, strict-origin-when-cross-origin","expect-ct":"max-age=2592000, report-uri=\"https://api.github.com/_private/browser/errors\"","content-security-policy":"default-src 'none'; base-uri 'self'; block-all-mixed-content; child-src github.com/assets-cdn/worker/ gist.github.com/assets-cdn/worker/; connect-src 'self' uploads.github.com objects-origin.githubusercontent.com www.githubstatus.com collector.githubapp.com api.github.com github-cloud.s3.amazonaws.com github-production-repository-file-5c1aeb.s3.amazonaws.com github-production-upload-manifest-file-7fdce7.s3.amazonaws.com github-production-user-asset-6210df.s3.amazonaws.com cdn.optimizely.com logx.optimizely.com/v1/events translator.github.com wss://alive.github.com; font-src github.githubassets.com; form-action 'self' github.com gist.github.com objects-origin.githubusercontent.com; frame-ancestors 'none'; frame-src render.githubusercontent.com viewscreen.githubusercontent.com notebooks.githubusercontent.com; img-src 'self' data: github.githubassets.com identicons.github.com collector.githubapp.com github-cloud.s3.amazonaws.com secured-user-images.githubusercontent.com/ *.githubusercontent.com; manifest-src 'self'; media-src github.com user-images.githubusercontent.com/; script-src github.githubassets.com; style-src 'unsafe-inline' github.githubassets.com; worker-src github.com/assets-cdn/worker/ gist.github.com/assets-cdn/worker/","x-github-request-id":"E6DF:ABE2:385C073:3B0BCBD:6175431A"}
[debug] [2021-10-24T11:27:21.964Z] >>> [apiv2][query] GET https://api.github.com/user [none]
[debug] [2021-10-24T11:27:22.244Z] <<< [apiv2][status] GET https://api.github.com/user 200
[debug] [2021-10-24T11:27:22.244Z] <<< [apiv2][body] GET https://api.github.com/user {"login":"AlisonV2","id":76119727,"node_id":"MDQ6VXNlcjc2MTE5NzI3","avatar_url":"https://avatars.githubusercontent.com/u/76119727?v=4","gravatar_id":"","url":"https://api.github.com/users/AlisonV2","html_url":"https://github.com/AlisonV2","followers_url":"https://api.github.com/users/AlisonV2/followers","following_url":"https://api.github.com/users/AlisonV2/following{/other_user}","gists_url":"https://api.github.com/users/AlisonV2/gists{/gist_id}","starred_url":"https://api.github.com/users/AlisonV2/starred{/owner}{/repo}","subscriptions_url":"https://api.github.com/users/AlisonV2/subscriptions","organizations_url":"https://api.github.com/users/AlisonV2/orgs","repos_url":"https://api.github.com/users/AlisonV2/repos","events_url":"https://api.github.com/users/AlisonV2/events{/privacy}","received_events_url":"https://api.github.com/users/AlisonV2/received_events","type":"User","site_admin":false,"name":null,"company":null,"blog":"https://www.alisonvandromme.com","location":"France","email":null,"hireable":null,"bio":null,"twitter_username":null,"public_repos":17,"public_gists":0,"followers":8,"following":7,"created_at":"2020-12-16T16:28:29Z","updated_at":"2021-10-24T08:56:18Z","private_gists":0,"total_private_repos":40,"owned_private_repos":40,"disk_usage":94974,"collaborators":3,"two_factor_authentication":false,"plan":{"name":"pro","space":976562499,"collaborators":0,"private_repos":9999}}
[info] 
[info] +  Success! Logged into GitHub as AlisonV2 
[info] 
